Using pre-set license
Built from '2020.3/staging' branch; Version is '2020.3.6f1 (338bb68529b2) revision 3378102'; Using compiler version '192528614'; Build Type 'Release'
OS: 'Windows 10 Home; OS build 19041.1052; Version 2004; 64bit' Language: 'fr' Physical Memory: 16343 MB
BatchMode: 1, IsHumanControllingUs: 0, StartBugReporterOnCrash: 0, Is64bit: 1, IsPro: 0

 COMMAND LINE ARGUMENTS:
I:\Unity\Nouveau dossier\2020.3.3f1\Editor\Unity.exe
-adb2
-batchMode
-noUpm
-name
AssetImportWorker0
-projectPath
F:/Unity/Projects/_Project_Don't_Fall_/_Project _Don't_Fall_
-logFile
Logs/AssetImportWorker0.log
-srvPort
63273
Successfully changed project path to: F:/Unity/Projects/_Project_Don't_Fall_/_Project _Don't_Fall_
F:/Unity/Projects/_Project_Don't_Fall_/_Project _Don't_Fall_
Using Asset Import Pipeline V2.
Refreshing native plugins compatible for Editor in 42.54 ms, found 1 plugins.
Preloading 0 native plugins for Editor in 0.00 ms.
Initialize engine version: 2020.3.6f1 (338bb68529b2)
[Subsystems] Discovering subsystems at path I:/Unity/Nouveau dossier/2020.3.3f1/Editor/Data/Resources/UnitySubsystems
[Subsystems] Discovering subsystems at path F:/Unity/Projects/_Project_Don't_Fall_/_Project _Don't_Fall_/Assets
GfxDevice: creating device client; threaded=0
Direct3D:
    Version:  Direct3D 11.0 [level 11.1]
    Renderer: NVIDIA GeForce GTX 1060 6GB (ID=0x1c03)
    Vendor:   
    VRAM:     6052 MB
    Driver:   27.21.14.5671
Initialize mono
Mono path[0] = 'I:/Unity/Nouveau dossier/2020.3.3f1/Editor/Data/Managed'
Mono path[1] = 'I:/Unity/Nouveau dossier/2020.3.3f1/Editor/Data/MonoBleedingEdge/lib/mono/unityjit'
Mono config path = 'I:/Unity/Nouveau dossier/2020.3.3f1/Editor/Data/MonoBleedingEdge/etc'
Using monoOptions --debugger-agent=transport=dt_socket,embedding=1,server=y,suspend=n,address=127.0.0.1:56268
Begin MonoManager ReloadAssembly
Registering precompiled unity dll's ...
Register platform support module: I:/Unity/Nouveau dossier/2020.3.3f1/Editor/Data/PlaybackEngines/WindowsStandaloneSupport/UnityEditor.WindowsStandalone.Extensions.dll
Registered in 0.001213 seconds.
Native extension for WindowsStandalone target not found
Refreshing native plugins compatible for Editor in 44.39 ms, found 1 plugins.
Preloading 0 native plugins for Editor in 0.00 ms.
Mono: successfully reloaded assembly
- Completed reload, in  1.042 seconds
Platform modules already initialized, skipping
Registering precompiled user dll's ...
Registered in 0.000833 seconds.
Begin MonoManager ReloadAssembly
Native extension for WindowsStandalone target not found
Refreshing native plugins compatible for Editor in 58.42 ms, found 1 plugins.
Preloading 0 native plugins for Editor in 0.00 ms.
Mono: successfully reloaded assembly
- Completed reload, in  2.519 seconds
Platform modules already initialized, skipping
========================================================================
Worker process is ready to serve import requests
Launched and connected shader compiler UnityShaderCompiler.exe after 0.07 seconds
Refreshing native plugins compatible for Editor in 0.39 ms, found 1 plugins.
Preloading 0 native plugins for Editor in 0.00 ms.
Unloading 1825 Unused Serialized files (Serialized files now loaded: 0)
System memory in use before: 85.6 MB.
System memory in use after: 85.5 MB.

Unloading 24 unused Assets to reduce memory usage. Loaded Objects now: 2269.
Total: 3.294700 ms (FindLiveObjects: 0.341900 ms CreateObjectMapping: 0.178200 ms MarkObjects: 2.598300 ms  DeleteObjects: 0.174900 ms)

========================================================================
Received Import Request.
  path: Assets/Scenes/Proto 7.unity
  artifactKey: Guid(abfe8e66c73e5e3418a832c1d7b20d00) Importer(815301076,1909f56bfc062723c751e8b465ee728b)
Start importing Assets/Scenes/Proto 7.unity using Guid(abfe8e66c73e5e3418a832c1d7b20d00) Importer(815301076,1909f56bfc062723c751e8b465ee728b)  -> (artifact id: 'adf3df2aef9e971cf3a54b565cb3fe57') in 0.038245 seconds
  Import took 0.042386 seconds .

========================================================================
Received Import Request.
  Time since last request: 35.539128 seconds.
  path: Assets/Scenes/Proto 8.unity
  artifactKey: Guid(fa77b9745e8e1ef4a9e93ba8184d2a8b) Importer(815301076,1909f56bfc062723c751e8b465ee728b)
Start importing Assets/Scenes/Proto 8.unity using Guid(fa77b9745e8e1ef4a9e93ba8184d2a8b) Importer(815301076,1909f56bfc062723c751e8b465ee728b)  -> (artifact id: '4bd3a347aeb086bd3662161d34fdc8ea') in 0.011837 seconds
  Import took 0.015957 seconds .

========================================================================
Received Import Request.
  Time since last request: 8.408947 seconds.
  path: Assets/Scenes/Level 7.unity
  artifactKey: Guid(fa77b9745e8e1ef4a9e93ba8184d2a8b) Importer(815301076,1909f56bfc062723c751e8b465ee728b)
Start importing Assets/Scenes/Level 7.unity using Guid(fa77b9745e8e1ef4a9e93ba8184d2a8b) Importer(815301076,1909f56bfc062723c751e8b465ee728b)  -> (artifact id: '3d94168cbe3c927da6ac52f81d6e8446') in 0.008872 seconds
  Import took 0.013386 seconds .

========================================================================
Received Import Request.
  Time since last request: 52.098740 seconds.
  path: Assets/Prefabs/B_Fall.prefab
  artifactKey: Guid(0176ba1871e24104b8e7992ac61ec983) Importer(815301076,1909f56bfc062723c751e8b465ee728b)
Start importing Assets/Prefabs/B_Fall.prefab using Guid(0176ba1871e24104b8e7992ac61ec983) Importer(815301076,1909f56bfc062723c751e8b465ee728b)  -> (artifact id: '9c05434796ff44ca0a02811f7b64fe0d') in 0.160957 seconds
  Import took 0.164588 seconds .

========================================================================
Received Import Request.
  Time since last request: 0.000412 seconds.
  path: Assets/Prefabs/B_INV.prefab
  artifactKey: Guid(11990bc6471b3ae4d9f1341c8ea1b2c0) Importer(815301076,1909f56bfc062723c751e8b465ee728b)
Start importing Assets/Prefabs/B_INV.prefab using Guid(11990bc6471b3ae4d9f1341c8ea1b2c0) Importer(815301076,1909f56bfc062723c751e8b465ee728b)  -> (artifact id: '67d606887630b8752088a98a56031b6a') in 0.014753 seconds
  Import took 0.018179 seconds .

========================================================================
Received Prepare
Registering precompiled user dll's ...
Registered in 0.000931 seconds.
Begin MonoManager ReloadAssembly
Native extension for WindowsStandalone target not found
Refreshing native plugins compatible for Editor in 0.38 ms, found 1 plugins.
Preloading 0 native plugins for Editor in 0.00 ms.
Mono: successfully reloaded assembly
- Completed reload, in  1.055 seconds
Platform modules already initialized, skipping
Refreshing native plugins compatible for Editor in 0.37 ms, found 1 plugins.
Preloading 0 native plugins for Editor in 0.00 ms.
Unloading 1820 Unused Serialized files (Serialized files now loaded: 0)
System memory in use before: 88.6 MB.
System memory in use after: 88.6 MB.

Unloading 12 unused Assets to reduce memory usage. Loaded Objects now: 2280.
Total: 3.573000 ms (FindLiveObjects: 0.394600 ms CreateObjectMapping: 0.335500 ms MarkObjects: 2.657500 ms  DeleteObjects: 0.183500 ms)

========================================================================
Received Import Request.
  Time since last request: 595.582267 seconds.
  path: Assets/Scenes/Proto 7.unity
  artifactKey: Guid(abfe8e66c73e5e3418a832c1d7b20d00) Importer(815301076,1909f56bfc062723c751e8b465ee728b)
Start importing Assets/Scenes/Proto 7.unity using Guid(abfe8e66c73e5e3418a832c1d7b20d00) Importer(815301076,1909f56bfc062723c751e8b465ee728b)  -> (artifact id: '22d522af01ab2fa7854ad209ac92aa80') in 0.012295 seconds
  Import took 0.017515 seconds .

========================================================================
Received Import Request.
  Time since last request: 16.796256 seconds.
  path: Assets/Scenes/Level 7.unity
  artifactKey: Guid(abfe8e66c73e5e3418a832c1d7b20d00) Importer(815301076,1909f56bfc062723c751e8b465ee728b)
Start importing Assets/Scenes/Level 7.unity using Guid(abfe8e66c73e5e3418a832c1d7b20d00) Importer(815301076,1909f56bfc062723c751e8b465ee728b)  -> (artifact id: 'c01c7d884e82189673bcfe78d4c079d4') in 0.007297 seconds
  Import took 0.011092 seconds .

========================================================================
Received Import Request.
  Time since last request: 6.104251 seconds.
  path: Assets/Scenes/Proto 7.unity
  artifactKey: Guid(fa77b9745e8e1ef4a9e93ba8184d2a8b) Importer(815301076,1909f56bfc062723c751e8b465ee728b)
Start importing Assets/Scenes/Proto 7.unity using Guid(fa77b9745e8e1ef4a9e93ba8184d2a8b) Importer(815301076,1909f56bfc062723c751e8b465ee728b)  -> (artifact id: '6063168f332ff9d8a64f056ab919c5b8') in 0.003154 seconds
  Import took 0.007675 seconds .

========================================================================
Received Prepare
Registering precompiled user dll's ...
Registered in 0.000938 seconds.
Begin MonoManager ReloadAssembly
Native extension for WindowsStandalone target not found
Refreshing native plugins compatible for Editor in 0.38 ms, found 1 plugins.
Preloading 0 native plugins for Editor in 0.00 ms.
Mono: successfully reloaded assembly
- Completed reload, in  1.046 seconds
Platform modules already initialized, skipping
Refreshing native plugins compatible for Editor in 0.40 ms, found 1 plugins.
Preloading 0 native plugins for Editor in 0.00 ms.
Unloading 1820 Unused Serialized files (Serialized files now loaded: 0)
System memory in use before: 88.7 MB.
System memory in use after: 88.7 MB.

Unloading 12 unused Assets to reduce memory usage. Loaded Objects now: 2284.
Total: 2.768500 ms (FindLiveObjects: 0.219600 ms CreateObjectMapping: 0.084800 ms MarkObjects: 2.328400 ms  DeleteObjects: 0.134100 ms)

========================================================================
Received Import Request.
  Time since last request: 268.302850 seconds.
  path: Assets/Scenes/Level 6.unity
  artifactKey: Guid(a89150410931b45429f557e8c668e2d3) Importer(815301076,1909f56bfc062723c751e8b465ee728b)
Start importing Assets/Scenes/Level 6.unity using Guid(a89150410931b45429f557e8c668e2d3) Importer(815301076,1909f56bfc062723c751e8b465ee728b)  -> (artifact id: '1b5586ececc4f4c9a30aeed116ae6f0d') in 0.041251 seconds
  Import took 0.044892 seconds .

========================================================================
Received Import Request.
  Time since last request: 35.982995 seconds.
  path: Assets/Scenes/Level 7.unity
  artifactKey: Guid(abfe8e66c73e5e3418a832c1d7b20d00) Importer(815301076,1909f56bfc062723c751e8b465ee728b)
Start importing Assets/Scenes/Level 7.unity using Guid(abfe8e66c73e5e3418a832c1d7b20d00) Importer(815301076,1909f56bfc062723c751e8b465ee728b)  -> (artifact id: '2d4fe5b419c524b6022a476c925a3506') in 0.007723 seconds
  Import took 0.011309 seconds .

========================================================================
Received Prepare
Registering precompiled user dll's ...
Registered in 0.000891 seconds.
Begin MonoManager ReloadAssembly
Native extension for WindowsStandalone target not found
Refreshing native plugins compatible for Editor in 0.38 ms, found 1 plugins.
Preloading 0 native plugins for Editor in 0.00 ms.
Mono: successfully reloaded assembly
- Completed reload, in  1.047 seconds
Platform modules already initialized, skipping
Refreshing native plugins compatible for Editor in 0.39 ms, found 1 plugins.
Preloading 0 native plugins for Editor in 0.00 ms.
Unloading 1820 Unused Serialized files (Serialized files now loaded: 0)
System memory in use before: 88.7 MB.
System memory in use after: 88.7 MB.

Unloading 12 unused Assets to reduce memory usage. Loaded Objects now: 2288.
Total: 2.597400 ms (FindLiveObjects: 0.292900 ms CreateObjectMapping: 0.089600 ms MarkObjects: 2.058400 ms  DeleteObjects: 0.155300 ms)

========================================================================
Received Prepare
Registering precompiled user dll's ...
Registered in 0.000860 seconds.
Begin MonoManager ReloadAssembly
Native extension for WindowsStandalone target not found
Refreshing native plugins compatible for Editor in 0.41 ms, found 1 plugins.
Preloading 0 native plugins for Editor in 0.00 ms.
Mono: successfully reloaded assembly
- Completed reload, in  1.040 seconds
Platform modules already initialized, skipping
Refreshing native plugins compatible for Editor in 0.46 ms, found 1 plugins.
Preloading 0 native plugins for Editor in 0.00 ms.
Unloading 1820 Unused Serialized files (Serialized files now loaded: 0)
System memory in use before: 88.8 MB.
System memory in use after: 88.7 MB.

Unloading 12 unused Assets to reduce memory usage. Loaded Objects now: 2292.
Total: 2.825800 ms (FindLiveObjects: 0.366700 ms CreateObjectMapping: 0.198600 ms MarkObjects: 2.121900 ms  DeleteObjects: 0.136700 ms)

========================================================================
Received Prepare
Registering precompiled user dll's ...
Registered in 0.001174 seconds.
Begin MonoManager ReloadAssembly
Native extension for WindowsStandalone target not found
Refreshing native plugins compatible for Editor in 0.37 ms, found 1 plugins.
Preloading 0 native plugins for Editor in 0.00 ms.
Mono: successfully reloaded assembly
- Completed reload, in  1.033 seconds
Platform modules already initialized, skipping
Refreshing native plugins compatible for Editor in 0.39 ms, found 1 plugins.
Preloading 0 native plugins for Editor in 0.00 ms.
Unloading 1820 Unused Serialized files (Serialized files now loaded: 0)
System memory in use before: 88.8 MB.
System memory in use after: 88.7 MB.

Unloading 12 unused Assets to reduce memory usage. Loaded Objects now: 2296.
Total: 2.253000 ms (FindLiveObjects: 0.293300 ms CreateObjectMapping: 0.086700 ms MarkObjects: 1.719400 ms  DeleteObjects: 0.152100 ms)

========================================================================
Received Prepare
Registering precompiled user dll's ...
Registered in 0.001027 seconds.
Begin MonoManager ReloadAssembly
Native extension for WindowsStandalone target not found
Refreshing native plugins compatible for Editor in 0.37 ms, found 1 plugins.
Preloading 0 native plugins for Editor in 0.00 ms.
Mono: successfully reloaded assembly
- Completed reload, in  1.032 seconds
Platform modules already initialized, skipping
Refreshing native plugins compatible for Editor in 0.41 ms, found 1 plugins.
Preloading 0 native plugins for Editor in 0.00 ms.
Unloading 1820 Unused Serialized files (Serialized files now loaded: 0)
System memory in use before: 88.8 MB.
System memory in use after: 88.8 MB.

Unloading 12 unused Assets to reduce memory usage. Loaded Objects now: 2300.
Total: 2.588900 ms (FindLiveObjects: 0.326800 ms CreateObjectMapping: 0.077200 ms MarkObjects: 2.034600 ms  DeleteObjects: 0.148400 ms)

========================================================================
Received Prepare
Registering precompiled user dll's ...
Registered in 0.001215 seconds.
Begin MonoManager ReloadAssembly
Native extension for WindowsStandalone target not found
Refreshing native plugins compatible for Editor in 0.68 ms, found 1 plugins.
Preloading 0 native plugins for Editor in 0.00 ms.
Mono: successfully reloaded assembly
- Completed reload, in  1.092 seconds
Platform modules already initialized, skipping
Refreshing native plugins compatible for Editor in 0.38 ms, found 1 plugins.
Preloading 0 native plugins for Editor in 0.00 ms.
Unloading 1820 Unused Serialized files (Serialized files now loaded: 0)
System memory in use before: 88.8 MB.
System memory in use after: 88.8 MB.

Unloading 12 unused Assets to reduce memory usage. Loaded Objects now: 2304.
Total: 2.643200 ms (FindLiveObjects: 0.377500 ms CreateObjectMapping: 0.231600 ms MarkObjects: 1.859100 ms  DeleteObjects: 0.133600 ms)

========================================================================
Received Prepare
Registering precompiled user dll's ...
Registered in 0.001405 seconds.
Begin MonoManager ReloadAssembly
Native extension for WindowsStandalone target not found
Refreshing native plugins compatible for Editor in 0.51 ms, found 1 plugins.
Preloading 0 native plugins for Editor in 0.00 ms.
Mono: successfully reloaded assembly
- Completed reload, in  0.981 seconds
Platform modules already initialized, skipping
Refreshing native plugins compatible for Editor in 0.40 ms, found 1 plugins.
Preloading 0 native plugins for Editor in 0.00 ms.
Unloading 1820 Unused Serialized files (Serialized files now loaded: 0)
System memory in use before: 88.8 MB.
System memory in use after: 88.8 MB.

Unloading 12 unused Assets to reduce memory usage. Loaded Objects now: 2308.
Total: 2.410900 ms (FindLiveObjects: 0.240500 ms CreateObjectMapping: 0.081600 ms MarkObjects: 1.948600 ms  DeleteObjects: 0.138300 ms)

========================================================================
Received Prepare
Registering precompiled user dll's ...
Registered in 0.000941 seconds.
Begin MonoManager ReloadAssembly
Native extension for WindowsStandalone target not found
Refreshing native plugins compatible for Editor in 0.40 ms, found 1 plugins.
Preloading 0 native plugins for Editor in 0.00 ms.
Mono: successfully reloaded assembly
- Completed reload, in  0.975 seconds
Platform modules already initialized, skipping
Refreshing native plugins compatible for Editor in 0.53 ms, found 1 plugins.
Preloading 0 native plugins for Editor in 0.00 ms.
Unloading 1820 Unused Serialized files (Serialized files now loaded: 0)
System memory in use before: 88.8 MB.
System memory in use after: 88.8 MB.

Unloading 12 unused Assets to reduce memory usage. Loaded Objects now: 2312.
Total: 3.082600 ms (FindLiveObjects: 0.600200 ms CreateObjectMapping: 0.170900 ms MarkObjects: 2.138200 ms  DeleteObjects: 0.171400 ms)

========================================================================
Received Prepare
Registering precompiled user dll's ...
Registered in 0.000867 seconds.
Begin MonoManager ReloadAssembly
Native extension for WindowsStandalone target not found
Refreshing native plugins compatible for Editor in 0.61 ms, found 1 plugins.
Preloading 0 native plugins for Editor in 0.00 ms.
Mono: successfully reloaded assembly
- Completed reload, in  1.032 seconds
Platform modules already initialized, skipping
Refreshing native plugins compatible for Editor in 0.38 ms, found 1 plugins.
Preloading 0 native plugins for Editor in 0.00 ms.
Unloading 1820 Unused Serialized files (Serialized files now loaded: 0)
System memory in use before: 88.8 MB.
System memory in use after: 88.8 MB.

Unloading 12 unused Assets to reduce memory usage. Loaded Objects now: 2316.
Total: 2.657100 ms (FindLiveObjects: 0.389200 ms CreateObjectMapping: 0.214000 ms MarkObjects: 1.883700 ms  DeleteObjects: 0.168900 ms)

========================================================================
Received Prepare
Registering precompiled user dll's ...
Registered in 0.000847 seconds.
Begin MonoManager ReloadAssembly
Native extension for WindowsStandalone target not found
Refreshing native plugins compatible for Editor in 0.37 ms, found 1 plugins.
Preloading 0 native plugins for Editor in 0.00 ms.
Mono: successfully reloaded assembly
- Completed reload, in  0.983 seconds
Platform modules already initialized, skipping
Refreshing native plugins compatible for Editor in 0.37 ms, found 1 plugins.
Preloading 0 native plugins for Editor in 0.00 ms.
Unloading 1820 Unused Serialized files (Serialized files now loaded: 0)
System memory in use before: 88.8 MB.
System memory in use after: 88.8 MB.

Unloading 12 unused Assets to reduce memory usage. Loaded Objects now: 2320.
Total: 2.394800 ms (FindLiveObjects: 0.230900 ms CreateObjectMapping: 0.141900 ms MarkObjects: 1.863800 ms  DeleteObjects: 0.156900 ms)

========================================================================
Received Prepare
Registering precompiled user dll's ...
Registered in 0.001045 seconds.
Begin MonoManager ReloadAssembly
Native extension for WindowsStandalone target not found
Refreshing native plugins compatible for Editor in 0.37 ms, found 1 plugins.
Preloading 0 native plugins for Editor in 0.00 ms.
Mono: successfully reloaded assembly
- Completed reload, in  1.037 seconds
Platform modules already initialized, skipping
Refreshing native plugins compatible for Editor in 0.37 ms, found 1 plugins.
Preloading 0 native plugins for Editor in 0.00 ms.
Unloading 1820 Unused Serialized files (Serialized files now loaded: 0)
System memory in use before: 88.8 MB.
System memory in use after: 88.8 MB.

Unloading 12 unused Assets to reduce memory usage. Loaded Objects now: 2324.
Total: 2.267300 ms (FindLiveObjects: 0.207300 ms CreateObjectMapping: 0.076800 ms MarkObjects: 1.828900 ms  DeleteObjects: 0.153000 ms)

========================================================================
Received Import Request.
  Time since last request: 3250.434779 seconds.
  path: Assets/Scenes/Level 6.unity
  artifactKey: Guid(a89150410931b45429f557e8c668e2d3) Importer(815301076,1909f56bfc062723c751e8b465ee728b)
Start importing Assets/Scenes/Level 6.unity using Guid(a89150410931b45429f557e8c668e2d3) Importer(815301076,1909f56bfc062723c751e8b465ee728b)  -> (artifact id: 'c85323e6f3611e8a6a460d4efd5db35d') in 0.021350 seconds
  Import took 0.025819 seconds .

========================================================================
Received Import Request.
  Time since last request: 17.290546 seconds.
  path: Assets/Scenes/Level 7.unity
  artifactKey: Guid(abfe8e66c73e5e3418a832c1d7b20d00) Importer(815301076,1909f56bfc062723c751e8b465ee728b)
Start importing Assets/Scenes/Level 7.unity using Guid(abfe8e66c73e5e3418a832c1d7b20d00) Importer(815301076,1909f56bfc062723c751e8b465ee728b)  -> (artifact id: '129d4cc630b94c83af1049e97e13a01a') in 0.005917 seconds
  Import took 0.010474 seconds .

========================================================================
Received Import Request.
  Time since last request: 7.432861 seconds.
  path: Assets/Scenes/Level 6.unity
  artifactKey: Guid(a89150410931b45429f557e8c668e2d3) Importer(815301076,1909f56bfc062723c751e8b465ee728b)
Start importing Assets/Scenes/Level 6.unity using Guid(a89150410931b45429f557e8c668e2d3) Importer(815301076,1909f56bfc062723c751e8b465ee728b)  -> (artifact id: '811c4ebfaa0ace4337d1a19a2bf8655a') in 0.010225 seconds
  Import took 0.014485 seconds .

========================================================================
Received Import Request.
  Time since last request: 3.901850 seconds.
  path: Assets/Scenes/Level 6.1.unity
  artifactKey: Guid(fd8245d0c2f5e184d96750ffcbb9560f) Importer(815301076,1909f56bfc062723c751e8b465ee728b)
Start importing Assets/Scenes/Level 6.1.unity using Guid(fd8245d0c2f5e184d96750ffcbb9560f) Importer(815301076,1909f56bfc062723c751e8b465ee728b)  -> (artifact id: '46c5654dbf41c9c986e15ed4d6a8cc92') in 0.013917 seconds
  Import took 0.027229 seconds .

========================================================================
Received Prepare
Registering precompiled user dll's ...
Registered in 0.001786 seconds.
Begin MonoManager ReloadAssembly
Native extension for WindowsStandalone target not found
Refreshing native plugins compatible for Editor in 0.59 ms, found 1 plugins.
Preloading 0 native plugins for Editor in 0.00 ms.
Mono: successfully reloaded assembly
- Completed reload, in  0.991 seconds
Platform modules already initialized, skipping
Refreshing native plugins compatible for Editor in 0.55 ms, found 1 plugins.
Preloading 0 native plugins for Editor in 0.00 ms.
Unloading 1820 Unused Serialized files (Serialized files now loaded: 0)
System memory in use before: 88.9 MB.
System memory in use after: 88.8 MB.

Unloading 12 unused Assets to reduce memory usage. Loaded Objects now: 2328.
Total: 2.305900 ms (FindLiveObjects: 0.220600 ms CreateObjectMapping: 0.082900 ms MarkObjects: 1.868300 ms  DeleteObjects: 0.132600 ms)

========================================================================
Received Prepare
Registering precompiled user dll's ...
Registered in 0.001183 seconds.
Begin MonoManager ReloadAssembly
Native extension for WindowsStandalone target not found
Refreshing native plugins compatible for Editor in 0.39 ms, found 1 plugins.
Preloading 0 native plugins for Editor in 0.00 ms.
Mono: successfully reloaded assembly
- Completed reload, in  1.000 seconds
Platform modules already initialized, skipping
Refreshing native plugins compatible for Editor in 0.43 ms, found 1 plugins.
Preloading 0 native plugins for Editor in 0.00 ms.
Unloading 1820 Unused Serialized files (Serialized files now loaded: 0)
System memory in use before: 88.9 MB.
System memory in use after: 88.8 MB.

Unloading 12 unused Assets to reduce memory usage. Loaded Objects now: 2332.
Total: 2.796600 ms (FindLiveObjects: 0.296300 ms CreateObjectMapping: 0.108700 ms MarkObjects: 2.262800 ms  DeleteObjects: 0.127100 ms)

========================================================================
Received Prepare
Registering precompiled user dll's ...
Registered in 0.000866 seconds.
Begin MonoManager ReloadAssembly
Native extension for WindowsStandalone target not found
Refreshing native plugins compatible for Editor in 0.41 ms, found 1 plugins.
Preloading 0 native plugins for Editor in 0.00 ms.
Mono: successfully reloaded assembly
- Completed reload, in  1.007 seconds
Platform modules already initialized, skipping
Refreshing native plugins compatible for Editor in 0.40 ms, found 1 plugins.
Preloading 0 native plugins for Editor in 0.00 ms.
Unloading 1820 Unused Serialized files (Serialized files now loaded: 0)
System memory in use before: 88.9 MB.
System memory in use after: 88.9 MB.

Unloading 12 unused Assets to reduce memory usage. Loaded Objects now: 2336.
Total: 2.811900 ms (FindLiveObjects: 0.287700 ms CreateObjectMapping: 0.093500 ms MarkObjects: 2.303400 ms  DeleteObjects: 0.125500 ms)

========================================================================
Received Prepare
Registering precompiled user dll's ...
Registered in 0.000936 seconds.
Begin MonoManager ReloadAssembly
Native extension for WindowsStandalone target not found
Refreshing native plugins compatible for Editor in 0.42 ms, found 1 plugins.
Preloading 0 native plugins for Editor in 0.00 ms.
Mono: successfully reloaded assembly
- Completed reload, in  1.007 seconds
Platform modules already initialized, skipping
Refreshing native plugins compatible for Editor in 0.39 ms, found 1 plugins.
Preloading 0 native plugins for Editor in 0.00 ms.
Unloading 1820 Unused Serialized files (Serialized files now loaded: 0)
System memory in use before: 88.9 MB.
System memory in use after: 88.9 MB.

Unloading 12 unused Assets to reduce memory usage. Loaded Objects now: 2340.
Total: 2.727900 ms (FindLiveObjects: 0.500000 ms CreateObjectMapping: 0.240000 ms MarkObjects: 1.861800 ms  DeleteObjects: 0.124100 ms)

========================================================================
Received Prepare
Registering precompiled user dll's ...
Registered in 0.000907 seconds.
Begin MonoManager ReloadAssembly
Native extension for WindowsStandalone target not found
Refreshing native plugins compatible for Editor in 0.39 ms, found 1 plugins.
Preloading 0 native plugins for Editor in 0.00 ms.
Mono: successfully reloaded assembly
- Completed reload, in  1.011 seconds
Platform modules already initialized, skipping
Refreshing native plugins compatible for Editor in 0.40 ms, found 1 plugins.
Preloading 0 native plugins for Editor in 0.00 ms.
Unloading 1820 Unused Serialized files (Serialized files now loaded: 0)
System memory in use before: 88.9 MB.
System memory in use after: 88.9 MB.

Unloading 12 unused Assets to reduce memory usage. Loaded Objects now: 2344.
Total: 2.620600 ms (FindLiveObjects: 0.230500 ms CreateObjectMapping: 0.092500 ms MarkObjects: 2.162100 ms  DeleteObjects: 0.133800 ms)

========================================================================
Received Prepare
Registering precompiled user dll's ...
Registered in 0.000929 seconds.
Begin MonoManager ReloadAssembly
Native extension for WindowsStandalone target not found
Refreshing native plugins compatible for Editor in 0.39 ms, found 1 plugins.
Preloading 0 native plugins for Editor in 0.00 ms.
Mono: successfully reloaded assembly
- Completed reload, in  0.993 seconds
Platform modules already initialized, skipping
Refreshing native plugins compatible for Editor in 0.40 ms, found 1 plugins.
Preloading 0 native plugins for Editor in 0.00 ms.
Unloading 1820 Unused Serialized files (Serialized files now loaded: 0)
System memory in use before: 88.9 MB.
System memory in use after: 88.9 MB.

Unloading 12 unused Assets to reduce memory usage. Loaded Objects now: 2348.
Total: 3.466900 ms (FindLiveObjects: 0.273000 ms CreateObjectMapping: 0.095200 ms MarkObjects: 2.955400 ms  DeleteObjects: 0.141800 ms)

========================================================================
Received Prepare
Registering precompiled user dll's ...
Registered in 0.001043 seconds.
Begin MonoManager ReloadAssembly
Native extension for WindowsStandalone target not found
Refreshing native plugins compatible for Editor in 0.38 ms, found 1 plugins.
Preloading 0 native plugins for Editor in 0.00 ms.
Mono: successfully reloaded assembly
- Completed reload, in  1.012 seconds
Platform modules already initialized, skipping
Refreshing native plugins compatible for Editor in 0.42 ms, found 1 plugins.
Preloading 0 native plugins for Editor in 0.00 ms.
Unloading 1820 Unused Serialized files (Serialized files now loaded: 0)
System memory in use before: 88.9 MB.
System memory in use after: 88.9 MB.

Unloading 12 unused Assets to reduce memory usage. Loaded Objects now: 2352.
Total: 3.774100 ms (FindLiveObjects: 0.300200 ms CreateObjectMapping: 0.089400 ms MarkObjects: 3.215600 ms  DeleteObjects: 0.167000 ms)

========================================================================
Received Prepare
Registering precompiled user dll's ...
Registered in 0.000874 seconds.
Begin MonoManager ReloadAssembly
Native extension for WindowsStandalone target not found
Refreshing native plugins compatible for Editor in 0.39 ms, found 1 plugins.
Preloading 0 native plugins for Editor in 0.00 ms.
Mono: successfully reloaded assembly
- Completed reload, in  0.940 seconds
Platform modules already initialized, skipping
Refreshing native plugins compatible for Editor in 0.38 ms, found 1 plugins.
Preloading 0 native plugins for Editor in 0.00 ms.
Unloading 1820 Unused Serialized files (Serialized files now loaded: 0)
System memory in use before: 88.9 MB.
System memory in use after: 88.9 MB.

Unloading 12 unused Assets to reduce memory usage. Loaded Objects now: 2356.
Total: 2.285000 ms (FindLiveObjects: 0.242900 ms CreateObjectMapping: 0.092400 ms MarkObjects: 1.787000 ms  DeleteObjects: 0.160600 ms)

========================================================================
Received Prepare
Registering precompiled user dll's ...
Registered in 0.000912 seconds.
Begin MonoManager ReloadAssembly
Native extension for WindowsStandalone target not found
Refreshing native plugins compatible for Editor in 2.63 ms, found 1 plugins.
Preloading 0 native plugins for Editor in 0.00 ms.
Mono: successfully reloaded assembly
- Completed reload, in  0.902 seconds
Platform modules already initialized, skipping
Refreshing native plugins compatible for Editor in 0.39 ms, found 1 plugins.
Preloading 0 native plugins for Editor in 0.00 ms.
Unloading 1820 Unused Serialized files (Serialized files now loaded: 0)
System memory in use before: 88.9 MB.
System memory in use after: 88.9 MB.

Unloading 12 unused Assets to reduce memory usage. Loaded Objects now: 2360.
Total: 2.383000 ms (FindLiveObjects: 0.254500 ms CreateObjectMapping: 0.095900 ms MarkObjects: 1.892700 ms  DeleteObjects: 0.137800 ms)

========================================================================
Received Prepare
Registering precompiled user dll's ...
Registered in 0.000858 seconds.
Begin MonoManager ReloadAssembly
Native extension for WindowsStandalone target not found
Refreshing native plugins compatible for Editor in 0.38 ms, found 1 plugins.
Preloading 0 native plugins for Editor in 0.00 ms.
Mono: successfully reloaded assembly
- Completed reload, in  0.935 seconds
Platform modules already initialized, skipping
Refreshing native plugins compatible for Editor in 0.39 ms, found 1 plugins.
Preloading 0 native plugins for Editor in 0.00 ms.
Unloading 1820 Unused Serialized files (Serialized files now loaded: 0)
System memory in use before: 88.9 MB.
System memory in use after: 88.9 MB.

Unloading 12 unused Assets to reduce memory usage. Loaded Objects now: 2364.
Total: 2.319900 ms (FindLiveObjects: 0.230600 ms CreateObjectMapping: 0.122600 ms MarkObjects: 1.812300 ms  DeleteObjects: 0.153000 ms)

========================================================================
Received Import Request.
  Time since last request: 2354.496358 seconds.
  path: Assets/Scenes/Level 6.1.unity
  artifactKey: Guid(fd8245d0c2f5e184d96750ffcbb9560f) Importer(815301076,1909f56bfc062723c751e8b465ee728b)
Start importing Assets/Scenes/Level 6.1.unity using Guid(fd8245d0c2f5e184d96750ffcbb9560f) Importer(815301076,1909f56bfc062723c751e8b465ee728b)  -> (artifact id: '75bcaed69f36108ff7d8220571007396') in 0.020004 seconds
  Import took 0.023991 seconds .

========================================================================
Received Prepare
Refreshing native plugins compatible for Editor in 1.49 ms, found 1 plugins.
Preloading 0 native plugins for Editor in 0.00 ms.
Unloading 10 Unused Serialized files (Serialized files now loaded: 0)
System memory in use before: 53.2 MB.
System memory in use after: 53.2 MB.

Unloading 10 unused Assets to reduce memory usage. Loaded Objects now: 2364.
Total: 3.006400 ms (FindLiveObjects: 0.250600 ms CreateObjectMapping: 0.084500 ms MarkObjects: 2.548300 ms  DeleteObjects: 0.120700 ms)

========================================================================
Received Prepare
Refreshing native plugins compatible for Editor in 1.60 ms, found 1 plugins.
Preloading 0 native plugins for Editor in 0.00 ms.
Unloading 10 Unused Serialized files (Serialized files now loaded: 0)
System memory in use before: 53.2 MB.
System memory in use after: 53.2 MB.

Unloading 10 unused Assets to reduce memory usage. Loaded Objects now: 2364.
Total: 3.081800 ms (FindLiveObjects: 0.309800 ms CreateObjectMapping: 0.180800 ms MarkObjects: 2.451900 ms  DeleteObjects: 0.137900 ms)

========================================================================
Received Import Request.
  Time since last request: 426.990718 seconds.
  path: Assets/Scenes/Level 5.unity
  artifactKey: Guid(5af05052958df554b9abf9cb27c6761f) Importer(815301076,1909f56bfc062723c751e8b465ee728b)
Start importing Assets/Scenes/Level 5.unity using Guid(5af05052958df554b9abf9cb27c6761f) Importer(815301076,1909f56bfc062723c751e8b465ee728b)  -> (artifact id: '33264b442cab2fb5b253a49232b3464c') in 0.016065 seconds
  Import took 0.023519 seconds .

========================================================================
Received Import Request.
  Time since last request: 128.327157 seconds.
  path: Assets/Scenes/Level 6.unity
  artifactKey: Guid(a89150410931b45429f557e8c668e2d3) Importer(815301076,1909f56bfc062723c751e8b465ee728b)
Start importing Assets/Scenes/Level 6.unity using Guid(a89150410931b45429f557e8c668e2d3) Importer(815301076,1909f56bfc062723c751e8b465ee728b)  -> (artifact id: 'c32336b1fe11bd51974a732ba8e99481') in 0.014602 seconds
  Import took 0.022573 seconds .

========================================================================
Received Prepare
Registering precompiled user dll's ...
Registered in 0.000950 seconds.
Begin MonoManager ReloadAssembly
Native extension for WindowsStandalone target not found
Refreshing native plugins compatible for Editor in 0.39 ms, found 1 plugins.
Preloading 0 native plugins for Editor in 0.00 ms.
Mono: successfully reloaded assembly
- Completed reload, in  0.916 seconds
Platform modules already initialized, skipping
Refreshing native plugins compatible for Editor in 0.39 ms, found 1 plugins.
Preloading 0 native plugins for Editor in 0.00 ms.
Unloading 1820 Unused Serialized files (Serialized files now loaded: 0)
System memory in use before: 89.0 MB.
System memory in use after: 89.0 MB.

Unloading 12 unused Assets to reduce memory usage. Loaded Objects now: 2368.
Total: 2.723600 ms (FindLiveObjects: 0.264500 ms CreateObjectMapping: 0.112200 ms MarkObjects: 2.187500 ms  DeleteObjects: 0.158200 ms)

========================================================================
Received Prepare
Registering precompiled user dll's ...
Registered in 0.000903 seconds.
Begin MonoManager ReloadAssembly
Native extension for WindowsStandalone target not found
Refreshing native plugins compatible for Editor in 0.62 ms, found 1 plugins.
Preloading 0 native plugins for Editor in 0.00 ms.
Mono: successfully reloaded assembly
- Completed reload, in  3.557 seconds
Platform modules already initialized, skipping
Refreshing native plugins compatible for Editor in 0.43 ms, found 1 plugins.
Preloading 0 native plugins for Editor in 0.00 ms.
Unloading 1820 Unused Serialized files (Serialized files now loaded: 0)
System memory in use before: 89.0 MB.
System memory in use after: 89.0 MB.

Unloading 12 unused Assets to reduce memory usage. Loaded Objects now: 2372.
Total: 72.917200 ms (FindLiveObjects: 24.561900 ms CreateObjectMapping: 46.348200 ms MarkObjects: 1.872100 ms  DeleteObjects: 0.133000 ms)

========================================================================
Received Prepare
Refreshing native plugins compatible for Editor in 1.42 ms, found 1 plugins.
Preloading 0 native plugins for Editor in 0.00 ms.
Unloading 10 Unused Serialized files (Serialized files now loaded: 0)
System memory in use before: 53.2 MB.
System memory in use after: 53.2 MB.

Unloading 10 unused Assets to reduce memory usage. Loaded Objects now: 2372.
Total: 2.568200 ms (FindLiveObjects: 0.242800 ms CreateObjectMapping: 0.083800 ms MarkObjects: 2.085500 ms  DeleteObjects: 0.154900 ms)

========================================================================
Received Import Request.
  Time since last request: 562.093188 seconds.
  path: Assets/Scenes/Level 2.2.unity
  artifactKey: Guid(be8c00a67b8e3de47a187dd07c036799) Importer(815301076,1909f56bfc062723c751e8b465ee728b)
Start importing Assets/Scenes/Level 2.2.unity using Guid(be8c00a67b8e3de47a187dd07c036799) Importer(815301076,1909f56bfc062723c751e8b465ee728b)  -> (artifact id: 'c239d18f5e4094c638c1077986d2a275') in 0.027349 seconds
  Import took 0.031670 seconds .

========================================================================
Received Prepare
Refreshing native plugins compatible for Editor in 1.53 ms, found 1 plugins.
Preloading 0 native plugins for Editor in 0.00 ms.
Unloading 10 Unused Serialized files (Serialized files now loaded: 0)
System memory in use before: 53.2 MB.
System memory in use after: 53.2 MB.

Unloading 10 unused Assets to reduce memory usage. Loaded Objects now: 2372.
Total: 5.474700 ms (FindLiveObjects: 0.540300 ms CreateObjectMapping: 0.211500 ms MarkObjects: 4.576100 ms  DeleteObjects: 0.144700 ms)

AssetImportWorkerClient::OnTransportError - code=2 error=End of file
